# JRE version: OpenJDK Runtime Environment Temurin-17.0.7+7 (17.0.7+7) (build 17.0.7+7)
# Java VM: OpenJDK 64-Bit Server VM Temurin-17.0.7+7 (17.0.7+7, mixed mode, tiered, compressed oops, compressed class ptrs, g1 gc, windows-amd64)
GC Precious Log:
 CPUs: 4 total, 4 available
 Memory: 8052M
 Large Page Support: Disabled
 NUMA Support: Disabled
 Compressed Oops: Enabled (32-bit)
 Heap Region Size: 1M
 Heap Min Capacity: 8M
 Heap Initial Capacity: 126M
 Heap Max Capacity: 2014M
 Pre-touch: Disabled
 Parallel Workers: 4
 Concurrent Workers: 1
 Concurrent Refinement Workers: 4
 Periodic GC: Disabled
Heap:
 garbage-first heap   total 129024K, used 72526K [0x0000000082200000, 0x0000000100000000)
  region size 1024K, 56 young (57344K), 1 survivors (1024K)
 Metaspace       used 19087K, committed 19200K, reserved 1114112K
  class space    used 1983K, committed 2048K, reserved 1048576K
GC Heap History (20 events):
Event: 91.243 GC heap before
{Heap before GC invocations=21 (full 0):
 garbage-first heap   total 129024K, used 93053K [0x0000000082200000, 0x0000000100000000)
  region size 1024K, 75 young (76800K), 1 survivors (1024K)
 Metaspace       used 19086K, committed 19200K, reserved 1114112K
  class space    used 1983K, committed 2048K, reserved 1048576K
}
Event: 91.244 GC heap after
{Heap after GC invocations=22 (full 0):
 garbage-first heap   total 129024K, used 17643K [0x0000000082200000, 0x0000000100000000)
  region size 1024K, 1 young (1024K), 1 survivors (1024K)
 Metaspace       used 19086K, committed 19200K, reserved 1114112K
  class space    used 1983K, committed 2048K, reserved 1048576K
}
Event: 96.490 GC heap before
{Heap before GC invocations=22 (full 0):
 garbage-first heap   total 129024K, used 92395K [0x0000000082200000, 0x0000000100000000)
  region size 1024K, 75 young (76800K), 1 survivors (1024K)
 Metaspace       used 19086K, committed 19200K, reserved 1114112K
  class space    used 1983K, committed 2048K, reserved 1048576K
}
Event: 96.491 GC heap after
{Heap after GC invocations=23 (full 0):
 garbage-first heap   total 129024K, used 17651K [0x0000000082200000, 0x0000000100000000)
  region size 1024K, 1 young (1024K), 1 survivors (1024K)
 Metaspace       used 19086K, committed 19200K, reserved 1114112K
  class space    used 1983K, committed 2048K, reserved 1048576K
}
Event: 101.584 GC heap before
{Heap before GC invocations=23 (full 0):
 garbage-first heap   total 129024K, used 92403K [0x0000000082200000, 0x0000000100000000)
  region size 1024K, 75 young (76800K), 1 survivors (1024K)
 Metaspace       used 19086K, committed 19200K, reserved 1114112K
  class space    used 1983K, committed 2048K, reserved 1048576K
}
Event: 101.585 GC heap after
{Heap after GC invocations=24 (full 0):
 garbage-first heap   total 129024K, used 17982K [0x0000000082200000, 0x0000000100000000)
  region size 1024K, 1 young (1024K), 1 survivors (1024K)
 Metaspace       used 19086K, committed 19200K, reserved 1114112K
  class space    used 1983K, committed 2048K, reserved 1048576K
}
Event: 108.244 GC heap before
{Heap before GC invocations=24 (full 0):
 garbage-first heap   total 129024K, used 92734K [0x0000000082200000, 0x0000000100000000)
  region size 1024K, 75 young (76800K), 1 survivors (1024K)
 Metaspace       used 19087K, committed 19200K, reserved 1114112K
  class space    used 1983K, committed 2048K, reserved 1048576K
}
Event: 108.247 GC heap after
{Heap after GC invocations=25 (full 0):
 garbage-first heap   total 129024K, used 17655K [0x0000000082200000, 0x0000000100000000)
  region size 1024K, 1 young (1024K), 1 survivors (1024K)
 Metaspace       used 19087K, committed 19200K, reserved 1114112K
  class space    used 1983K, committed 2048K, reserved 1048576K
}
Event: 119.980 GC heap before
{Heap before GC invocations=25 (full 0):
 garbage-first heap   total 129024K, used 92407K [0x0000000082200000, 0x0000000100000000)
  region size 1024K, 75 young (76800K), 1 survivors (1024K)
 Metaspace       used 19087K, committed 19200K, reserved 1114112K
  class space    used 1983K, committed 2048K, reserved 1048576K
}
Event: 119.980 GC heap after
{Heap after GC invocations=26 (full 0):
 garbage-first heap   total 129024K, used 17990K [0x0000000082200000, 0x0000000100000000)
  region size 1024K, 1 young (1024K), 1 survivors (1024K)
 Metaspace       used 19087K, committed 19200K, reserved 1114112K
  class space    used 1983K, committed 2048K, reserved 1048576K
}
Event: 126.159 GC heap before
{Heap before GC invocations=26 (full 0):
 garbage-first heap   total 129024K, used 92742K [0x0000000082200000, 0x0000000100000000)
  region size 1024K, 75 young (76800K), 1 survivors (1024K)
 Metaspace       used 19087K, committed 19200K, reserved 1114112K
  class space    used 1983K, committed 2048K, reserved 1048576K
}
Event: 126.160 GC heap after
{Heap after GC invocations=27 (full 0):
 garbage-first heap   total 129024K, used 17659K [0x0000000082200000, 0x0000000100000000)
  region size 1024K, 1 young (1024K), 1 survivors (1024K)
 Metaspace       used 19087K, committed 19200K, reserved 1114112K
  class space    used 1983K, committed 2048K, reserved 1048576K
}
Event: 131.199 GC heap before
{Heap before GC invocations=27 (full 0):
 garbage-first heap   total 129024K, used 92411K [0x0000000082200000, 0x0000000100000000)
  region size 1024K, 75 young (76800K), 1 survivors (1024K)
 Metaspace       used 19087K, committed 19200K, reserved 1114112K
  class space    used 1983K, committed 2048K, reserved 1048576K
}
Event: 131.200 GC heap after
{Heap after GC invocations=28 (full 0):
 garbage-first heap   total 129024K, used 17664K [0x0000000082200000, 0x0000000100000000)
  region size 1024K, 1 young (1024K), 1 survivors (1024K)
 Metaspace       used 19087K, committed 19200K, reserved 1114112K
  class space    used 1983K, committed 2048K, reserved 1048576K
}
Event: 136.522 GC heap before
{Heap before GC invocations=28 (full 0):
 garbage-first heap   total 129024K, used 92416K [0x0000000082200000, 0x0000000100000000)
  region size 1024K, 75 young (76800K), 1 survivors (1024K)
 Metaspace       used 19087K, committed 19200K, reserved 1114112K
  class space    used 1983K, committed 2048K, reserved 1048576K
}
Event: 136.523 GC heap after
{Heap after GC invocations=29 (full 0):
 garbage-first heap   total 129024K, used 18890K [0x0000000082200000, 0x0000000100000000)
  region size 1024K, 2 young (2048K), 2 survivors (2048K)
 Metaspace       used 19087K, committed 19200K, reserved 1114112K
  class space    used 1983K, committed 2048K, reserved 1048576K
}
Event: 141.981 GC heap before
{Heap before GC invocations=29 (full 0):
 garbage-first heap   total 129024K, used 92618K [0x0000000082200000, 0x0000000100000000)
  region size 1024K, 75 young (76800K), 2 survivors (2048K)
 Metaspace       used 19087K, committed 19200K, reserved 1114112K
  class space    used 1983K, committed 2048K, reserved 1048576K
}
Event: 141.982 GC heap after
{Heap after GC invocations=30 (full 0):
 garbage-first heap   total 129024K, used 17580K [0x0000000082200000, 0x0000000100000000)
  region size 1024K, 1 young (1024K), 1 survivors (1024K)
 Metaspace       used 19087K, committed 19200K, reserved 1114112K
  class space    used 1983K, committed 2048K, reserved 1048576K
}
Event: 147.886 GC heap before
{Heap before GC invocations=30 (full 0):
 garbage-first heap   total 129024K, used 92332K [0x0000000082200000, 0x0000000100000000)
  region size 1024K, 75 young (76800K), 1 survivors (1024K)
 Metaspace       used 19087K, committed 19200K, reserved 1114112K
  class space    used 1983K, committed 2048K, reserved 1048576K
}
Event: 147.887 GC heap after
{Heap after GC invocations=31 (full 0):
 garbage-first heap   total 129024K, used 18254K [0x0000000082200000, 0x0000000100000000)
  region size 1024K, 1 young (1024K), 1 survivors (1024K)
 Metaspace       used 19087K, committed 19200K, reserved 1114112K
  class space    used 1983K, committed 2048K, reserved 1048576K
}

