# JRE version: OpenJDK Runtime Environment Temurin-17.0.7+7 (17.0.7+7) (build 17.0.7+7)
# Java VM: OpenJDK 64-Bit Server VM Temurin-17.0.7+7 (17.0.7+7, mixed mode, tiered, compressed oops, compressed class ptrs, g1 gc, windows-amd64)
GC Precious Log:
 CPUs: 4 total, 4 available
 Memory: 8052M
 Large Page Support: Disabled
 NUMA Support: Disabled
 Compressed Oops: Enabled (32-bit)
 Heap Region Size: 1M
 Heap Min Capacity: 8M
 Heap Initial Capacity: 126M
 Heap Max Capacity: 2014M
 Pre-touch: Disabled
 Parallel Workers: 4
 Concurrent Workers: 1
 Concurrent Refinement Workers: 4
 Periodic GC: Disabled
Heap:
 garbage-first heap   total 129024K, used 81757K [0x0000000082200000, 0x0000000100000000)
  region size 1024K, 64 young (65536K), 2 survivors (2048K)
 Metaspace       used 19798K, committed 20032K, reserved 1114112K
  class space    used 2073K, committed 2176K, reserved 1048576K
GC Heap History (20 events):
Event: 22.708 GC heap before
{Heap before GC invocations=7 (full 0):
 garbage-first heap   total 129024K, used 92776K [0x0000000082200000, 0x0000000100000000)
  region size 1024K, 75 young (76800K), 3 survivors (3072K)
 Metaspace       used 19798K, committed 20032K, reserved 1114112K
  class space    used 2073K, committed 2176K, reserved 1048576K
}
Event: 22.712 GC heap after
{Heap after GC invocations=8 (full 0):
 garbage-first heap   total 129024K, used 20311K [0x0000000082200000, 0x0000000100000000)
  region size 1024K, 4 young (4096K), 4 survivors (4096K)
 Metaspace       used 19798K, committed 20032K, reserved 1114112K
  class space    used 2073K, committed 2176K, reserved 1048576K
}
Event: 26.488 GC heap before
{Heap before GC invocations=8 (full 0):
 garbage-first heap   total 129024K, used 91991K [0x0000000082200000, 0x0000000100000000)
  region size 1024K, 75 young (76800K), 4 survivors (4096K)
 Metaspace       used 19798K, committed 20032K, reserved 1114112K
  class space    used 2073K, committed 2176K, reserved 1048576K
}
Event: 26.491 GC heap after
{Heap after GC invocations=9 (full 0):
 garbage-first heap   total 129024K, used 20509K [0x0000000082200000, 0x0000000100000000)
  region size 1024K, 4 young (4096K), 4 survivors (4096K)
 Metaspace       used 19798K, committed 20032K, reserved 1114112K
  class space    used 2073K, committed 2176K, reserved 1048576K
}
Event: 30.102 GC heap before
{Heap before GC invocations=9 (full 0):
 garbage-first heap   total 129024K, used 92189K [0x0000000082200000, 0x0000000100000000)
  region size 1024K, 75 young (76800K), 4 survivors (4096K)
 Metaspace       used 19798K, committed 20032K, reserved 1114112K
  class space    used 2073K, committed 2176K, reserved 1048576K
}
Event: 30.104 GC heap after
{Heap after GC invocations=10 (full 0):
 garbage-first heap   total 129024K, used 20187K [0x0000000082200000, 0x0000000100000000)
  region size 1024K, 4 young (4096K), 4 survivors (4096K)
 Metaspace       used 19798K, committed 20032K, reserved 1114112K
  class space    used 2073K, committed 2176K, reserved 1048576K
}
Event: 33.480 GC heap before
{Heap before GC invocations=10 (full 0):
 garbage-first heap   total 129024K, used 91867K [0x0000000082200000, 0x0000000100000000)
  region size 1024K, 75 young (76800K), 4 survivors (4096K)
 Metaspace       used 19798K, committed 20032K, reserved 1114112K
  class space    used 2073K, committed 2176K, reserved 1048576K
}
Event: 33.483 GC heap after
{Heap after GC invocations=11 (full 0):
 garbage-first heap   total 129024K, used 20088K [0x0000000082200000, 0x0000000100000000)
  region size 1024K, 3 young (3072K), 3 survivors (3072K)
 Metaspace       used 19798K, committed 20032K, reserved 1114112K
  class space    used 2073K, committed 2176K, reserved 1048576K
}
Event: 37.826 GC heap before
{Heap before GC invocations=11 (full 0):
 garbage-first heap   total 129024K, used 92792K [0x0000000082200000, 0x0000000100000000)
  region size 1024K, 75 young (76800K), 3 survivors (3072K)
 Metaspace       used 19798K, committed 20032K, reserved 1114112K
  class space    used 2073K, committed 2176K, reserved 1048576K
}
Event: 37.828 GC heap after
{Heap after GC invocations=12 (full 0):
 garbage-first heap   total 129024K, used 20312K [0x0000000082200000, 0x0000000100000000)
  region size 1024K, 4 young (4096K), 4 survivors (4096K)
 Metaspace       used 19798K, committed 20032K, reserved 1114112K
  class space    used 2073K, committed 2176K, reserved 1048576K
}
Event: 41.143 GC heap before
{Heap before GC invocations=12 (full 0):
 garbage-first heap   total 129024K, used 91992K [0x0000000082200000, 0x0000000100000000)
  region size 1024K, 75 young (76800K), 4 survivors (4096K)
 Metaspace       used 19798K, committed 20032K, reserved 1114112K
  class space    used 2073K, committed 2176K, reserved 1048576K
}
Event: 41.145 GC heap after
{Heap after GC invocations=13 (full 0):
 garbage-first heap   total 129024K, used 20551K [0x0000000082200000, 0x0000000100000000)
  region size 1024K, 4 young (4096K), 4 survivors (4096K)
 Metaspace       used 19798K, committed 20032K, reserved 1114112K
  class space    used 2073K, committed 2176K, reserved 1048576K
}
Event: 44.577 GC heap before
{Heap before GC invocations=13 (full 0):
 garbage-first heap   total 129024K, used 92231K [0x0000000082200000, 0x0000000100000000)
  region size 1024K, 75 young (76800K), 4 survivors (4096K)
 Metaspace       used 19798K, committed 20032K, reserved 1114112K
  class space    used 2073K, committed 2176K, reserved 1048576K
}
Event: 44.581 GC heap after
{Heap after GC invocations=14 (full 0):
 garbage-first heap   total 129024K, used 20369K [0x0000000082200000, 0x0000000100000000)
  region size 1024K, 4 young (4096K), 4 survivors (4096K)
 Metaspace       used 19798K, committed 20032K, reserved 1114112K
  class space    used 2073K, committed 2176K, reserved 1048576K
}
Event: 48.226 GC heap before
{Heap before GC invocations=14 (full 0):
 garbage-first heap   total 129024K, used 92049K [0x0000000082200000, 0x0000000100000000)
  region size 1024K, 75 young (76800K), 4 survivors (4096K)
 Metaspace       used 19798K, committed 20032K, reserved 1114112K
  class space    used 2073K, committed 2176K, reserved 1048576K
}
Event: 48.229 GC heap after
{Heap after GC invocations=15 (full 0):
 garbage-first heap   total 129024K, used 20123K [0x0000000082200000, 0x0000000100000000)
  region size 1024K, 3 young (3072K), 3 survivors (3072K)
 Metaspace       used 19798K, committed 20032K, reserved 1114112K
  class space    used 2073K, committed 2176K, reserved 1048576K
}
Event: 51.786 GC heap before
{Heap before GC invocations=15 (full 0):
 garbage-first heap   total 129024K, used 92827K [0x0000000082200000, 0x0000000100000000)
  region size 1024K, 75 young (76800K), 3 survivors (3072K)
 Metaspace       used 19798K, committed 20032K, reserved 1114112K
  class space    used 2073K, committed 2176K, reserved 1048576K
}
Event: 51.788 GC heap after
{Heap after GC invocations=16 (full 0):
 garbage-first heap   total 129024K, used 20115K [0x0000000082200000, 0x0000000100000000)
  region size 1024K, 3 young (3072K), 3 survivors (3072K)
 Metaspace       used 19798K, committed 20032K, reserved 1114112K
  class space    used 2073K, committed 2176K, reserved 1048576K
}
Event: 55.291 GC heap before
{Heap before GC invocations=16 (full 0):
 garbage-first heap   total 129024K, used 92819K [0x0000000082200000, 0x0000000100000000)
  region size 1024K, 75 young (76800K), 3 survivors (3072K)
 Metaspace       used 19798K, committed 20032K, reserved 1114112K
  class space    used 2073K, committed 2176K, reserved 1048576K
}
Event: 55.293 GC heap after
{Heap after GC invocations=17 (full 0):
 garbage-first heap   total 129024K, used 20317K [0x0000000082200000, 0x0000000100000000)
  region size 1024K, 2 young (2048K), 2 survivors (2048K)
 Metaspace       used 19798K, committed 20032K, reserved 1114112K
  class space    used 2073K, committed 2176K, reserved 1048576K
}

