# JRE version: OpenJDK Runtime Environment Temurin-17.0.7+7 (17.0.7+7) (build 17.0.7+7)
# Java VM: OpenJDK 64-Bit Server VM Temurin-17.0.7+7 (17.0.7+7, mixed mode, tiered, compressed oops, compressed class ptrs, g1 gc, windows-amd64)
GC Precious Log:
 CPUs: 4 total, 4 available
 Memory: 8052M
 Large Page Support: Disabled
 NUMA Support: Disabled
 Compressed Oops: Enabled (32-bit)
 Heap Region Size: 1M
 Heap Min Capacity: 8M
 Heap Initial Capacity: 126M
 Heap Max Capacity: 2014M
 Pre-touch: Disabled
 Parallel Workers: 4
 Concurrent Workers: 1
 Concurrent Refinement Workers: 4
 Periodic GC: Disabled
Heap:
 garbage-first heap   total 129024K, used 44816K [0x0000000082200000, 0x0000000100000000)
  region size 1024K, 30 young (30720K), 2 survivors (2048K)
 Metaspace       used 19082K, committed 19264K, reserved 1114112K
  class space    used 1972K, committed 2048K, reserved 1048576K
GC Heap History (18 events):
Event: 15.654 GC heap before
{Heap before GC invocations=0 (full 0):
 garbage-first heap   total 129024K, used 15360K [0x0000000082200000, 0x0000000100000000)
  region size 1024K, 13 young (13312K), 0 survivors (0K)
 Metaspace       used 16479K, committed 16640K, reserved 1114112K
  class space    used 1763K, committed 1856K, reserved 1048576K
}
Event: 15.688 GC heap after
{Heap after GC invocations=1 (full 0):
 garbage-first heap   total 129024K, used 6065K [0x0000000082200000, 0x0000000100000000)
  region size 1024K, 2 young (2048K), 2 survivors (2048K)
 Metaspace       used 16479K, committed 16640K, reserved 1114112K
  class space    used 1763K, committed 1856K, reserved 1048576K
}
Event: 17.158 GC heap before
{Heap before GC invocations=1 (full 0):
 garbage-first heap   total 129024K, used 19377K [0x0000000082200000, 0x0000000100000000)
  region size 1024K, 9 young (9216K), 2 survivors (2048K)
 Metaspace       used 18087K, committed 18304K, reserved 1114112K
  class space    used 1940K, committed 2048K, reserved 1048576K
}
Event: 17.163 GC heap after
{Heap after GC invocations=2 (full 0):
 garbage-first heap   total 129024K, used 13099K [0x0000000082200000, 0x0000000100000000)
  region size 1024K, 1 young (1024K), 1 survivors (1024K)
 Metaspace       used 18087K, committed 18304K, reserved 1114112K
  class space    used 1940K, committed 2048K, reserved 1048576K
}
Event: 21.356 GC heap before
{Heap before GC invocations=2 (full 0):
 garbage-first heap   total 129024K, used 44843K [0x0000000082200000, 0x0000000100000000)
  region size 1024K, 29 young (29696K), 1 survivors (1024K)
 Metaspace       used 18608K, committed 18752K, reserved 1114112K
  class space    used 1971K, committed 2048K, reserved 1048576K
}
Event: 21.358 GC heap after
{Heap after GC invocations=3 (full 0):
 garbage-first heap   total 129024K, used 17848K [0x0000000082200000, 0x0000000100000000)
  region size 1024K, 2 young (2048K), 2 survivors (2048K)
 Metaspace       used 18608K, committed 18752K, reserved 1114112K
  class space    used 1971K, committed 2048K, reserved 1048576K
}
Event: 25.402 GC heap before
{Heap before GC invocations=3 (full 0):
 garbage-first heap   total 129024K, used 75192K [0x0000000082200000, 0x0000000100000000)
  region size 1024K, 59 young (60416K), 2 survivors (2048K)
 Metaspace       used 18822K, committed 18944K, reserved 1114112K
  class space    used 1971K, committed 2048K, reserved 1048576K
}
Event: 25.404 GC heap after
{Heap after GC invocations=4 (full 0):
 garbage-first heap   total 129024K, used 18323K [0x0000000082200000, 0x0000000100000000)
  region size 1024K, 2 young (2048K), 2 survivors (2048K)
 Metaspace       used 18822K, committed 18944K, reserved 1114112K
  class space    used 1971K, committed 2048K, reserved 1048576K
}
Event: 33.027 GC heap before
{Heap before GC invocations=4 (full 0):
 garbage-first heap   total 129024K, used 92051K [0x0000000082200000, 0x0000000100000000)
  region size 1024K, 75 young (76800K), 2 survivors (2048K)
 Metaspace       used 18961K, committed 19136K, reserved 1114112K
  class space    used 1972K, committed 2048K, reserved 1048576K
}
Event: 33.029 GC heap after
{Heap after GC invocations=5 (full 0):
 garbage-first heap   total 129024K, used 17879K [0x0000000082200000, 0x0000000100000000)
  region size 1024K, 2 young (2048K), 2 survivors (2048K)
 Metaspace       used 18961K, committed 19136K, reserved 1114112K
  class space    used 1972K, committed 2048K, reserved 1048576K
}
Event: 39.650 GC heap before
{Heap before GC invocations=5 (full 0):
 garbage-first heap   total 129024K, used 91607K [0x0000000082200000, 0x0000000100000000)
  region size 1024K, 75 young (76800K), 2 survivors (2048K)
 Metaspace       used 19023K, committed 19264K, reserved 1114112K
  class space    used 1972K, committed 2048K, reserved 1048576K
}
Event: 39.652 GC heap after
{Heap after GC invocations=6 (full 0):
 garbage-first heap   total 129024K, used 17847K [0x0000000082200000, 0x0000000100000000)
  region size 1024K, 2 young (2048K), 2 survivors (2048K)
 Metaspace       used 19023K, committed 19264K, reserved 1114112K
  class space    used 1972K, committed 2048K, reserved 1048576K
}
Event: 44.629 GC heap before
{Heap before GC invocations=6 (full 0):
 garbage-first heap   total 129024K, used 91575K [0x0000000082200000, 0x0000000100000000)
  region size 1024K, 75 young (76800K), 2 survivors (2048K)
 Metaspace       used 19054K, committed 19264K, reserved 1114112K
  class space    used 1972K, committed 2048K, reserved 1048576K
}
Event: 44.631 GC heap after
{Heap after GC invocations=7 (full 0):
 garbage-first heap   total 129024K, used 17836K [0x0000000082200000, 0x0000000100000000)
  region size 1024K, 2 young (2048K), 2 survivors (2048K)
 Metaspace       used 19054K, committed 19264K, reserved 1114112K
  class space    used 1972K, committed 2048K, reserved 1048576K
}
Event: 53.571 GC heap before
{Heap before GC invocations=7 (full 0):
 garbage-first heap   total 129024K, used 91564K [0x0000000082200000, 0x0000000100000000)
  region size 1024K, 75 young (76800K), 2 survivors (2048K)
 Metaspace       used 19082K, committed 19264K, reserved 1114112K
  class space    used 1972K, committed 2048K, reserved 1048576K
}
Event: 53.572 GC heap after
{Heap after GC invocations=8 (full 0):
 garbage-first heap   total 129024K, used 18184K [0x0000000082200000, 0x0000000100000000)
  region size 1024K, 2 young (2048K), 2 survivors (2048K)
 Metaspace       used 19082K, committed 19264K, reserved 1114112K
  class space    used 1972K, committed 2048K, reserved 1048576K
}
Event: 61.028 GC heap before
{Heap before GC invocations=8 (full 0):
 garbage-first heap   total 129024K, used 91912K [0x0000000082200000, 0x0000000100000000)
  region size 1024K, 75 young (76800K), 2 survivors (2048K)
 Metaspace       used 19082K, committed 19264K, reserved 1114112K
  class space    used 1972K, committed 2048K, reserved 1048576K
}
Event: 61.030 GC heap after
{Heap after GC invocations=9 (full 0):
 garbage-first heap   total 129024K, used 18192K [0x0000000082200000, 0x0000000100000000)
  region size 1024K, 2 young (2048K), 2 survivors (2048K)
 Metaspace       used 19082K, committed 19264K, reserved 1114112K
  class space    used 1972K, committed 2048K, reserved 1048576K
}

